<?xml version="1.0" encoding="UTF-8"?>
<!-- Generated by org.testng.reporters.JUnitReportReporter -->
<testsuite hostname="DESKTOP-75807HS" failures="0" tests="1" name="TestRunner1.TestRunnerClass1" time="10.954" errors="0" timestamp="2022-12-29T14:10:19 EST" skipped="0">
  <testcase classname="TestRunner1.TestRunnerClass1" name="feature" time="10.954"/>
  <system-out/>
</testsuite> <!-- TestRunner1.TestRunnerClass1 -->
